          60
          14          14   5.09999943    
          17          18   6.97078896    
          18          17   6.97078848    
          18          18   6.84749699    
          21          21   5.60284185    
          25          25   5.60283709    
          28          28   6.84750605    
          28          29   6.97078514    
          29          28   6.97078705    
          32          32   5.09999943    
          35          36   6.97079468    
          36          35   6.97079039    
          36          36   6.84749222    
          70
          14          14   5.23122883    
          17          18   7.15400696    
          18          17   7.15400553    
          18          18   6.16164780    
          21          21   6.16164780    
          21          22   7.15400457    
          22          21   7.15400696    
          25          25   5.23122740    
          28          29   6.90799665    
          29          28   6.90799809    
          32          32   5.23123360    
          35          36   7.15401697    
          36          35   7.15400171    
          36          36   6.16164780    
          80
          11          11   6.84749556    
          14          14   5.60284042    
          18          18   5.60284233    
          21          21   6.84749603    
          21          22   6.97078705    
          22          21   6.97078896    
          25          25   5.09999943    
          28          29   6.97078896    
          29          28   6.97079134    
          29          29   6.84748268    
          32          32   5.60285234    
          36          36   5.60283947    
          90
          11          11   6.16164684    
          14          14   6.16164589    
          14          15   7.15400743    
          15          14   7.15400648    
          18          18   5.23122978    
          21          22   6.90799665    
          22          21   6.90799809    
          25          25   5.23122978    
          28          29   7.15400791    
          29          28   7.15400934    
          29          29   6.16163969    
          32          32   6.16165733    
          32          33   7.15400028    
          33          32   7.15400267    
          36          36   5.23122931    
